# JRE version: OpenJDK Runtime Environment (16.0.2+7) (build 16.0.2+7-67)
# Java VM: OpenJDK 64-Bit Server VM (16.0.2+7-67, mixed mode, tiered, compressed oops, compressed class ptrs, g1 gc, windows-amd64)
GC Precious Log:
 CPUs: 4 total, 4 available
 Memory: 16267M
 Large Page Support: Disabled
 NUMA Support: Disabled
 Compressed Oops: Enabled (Zero based)
 Heap Region Size: 2M
 Heap Min Capacity: 8M
 Heap Initial Capacity: 256M
 Heap Max Capacity: 4068M
 Pre-touch: Disabled
 Parallel Workers: 4
 Concurrent Workers: 1
 Concurrent Refinement Workers: 4
 Periodic GC: Disabled
Heap:
 garbage-first heap   total 88064K, used 51341K [0x0000000701c00000, 0x0000000800000000)
  region size 2048K, 6 young (12288K), 2 survivors (4096K)
 Metaspace       used 80102K, committed 80576K, reserved 1122304K
  class space    used 10168K, committed 10432K, reserved 1048576K
GC Heap History (20 events):
Event: 5.596 GC heap before
{Heap before GC invocations=15 (full 0):
 garbage-first heap   total 69632K, used 26460K [0x0000000701c00000, 0x0000000800000000)
  region size 2048K, 2 young (4096K), 1 survivors (2048K)
 Metaspace       used 59328K, committed 59648K, reserved 1105920K
  class space    used 7500K, committed 7680K, reserved 1048576K
}
Event: 5.598 GC heap after
{Heap after GC invocations=16 (full 0):
 garbage-first heap   total 69632K, used 26132K [0x0000000701c00000, 0x0000000800000000)
  region size 2048K, 1 young (2048K), 1 survivors (2048K)
 Metaspace       used 59328K, committed 59648K, reserved 1105920K
  class space    used 7500K, committed 7680K, reserved 1048576K
}
Event: 6.681 GC heap before
{Heap before GC invocations=17 (full 0):
 garbage-first heap   total 69632K, used 50708K [0x0000000701c00000, 0x0000000800000000)
  region size 2048K, 14 young (28672K), 1 survivors (2048K)
 Metaspace       used 63849K, committed 64192K, reserved 1105920K
  class space    used 8089K, committed 8256K, reserved 1048576K
}
Event: 6.683 GC heap after
{Heap after GC invocations=18 (full 0):
 garbage-first heap   total 69632K, used 27718K [0x0000000701c00000, 0x0000000800000000)
  region size 2048K, 2 young (4096K), 2 survivors (4096K)
 Metaspace       used 63849K, committed 64192K, reserved 1105920K
  class space    used 8089K, committed 8256K, reserved 1048576K
}
Event: 7.003 GC heap before
{Heap before GC invocations=19 (full 0):
 garbage-first heap   total 69632K, used 52294K [0x0000000701c00000, 0x0000000800000000)
  region size 2048K, 14 young (28672K), 2 survivors (4096K)
 Metaspace       used 66013K, committed 66368K, reserved 1114112K
  class space    used 8401K, committed 8576K, reserved 1048576K
}
Event: 7.006 GC heap after
{Heap after GC invocations=20 (full 0):
 garbage-first heap   total 69632K, used 29061K [0x0000000701c00000, 0x0000000800000000)
  region size 2048K, 2 young (4096K), 2 survivors (4096K)
 Metaspace       used 66013K, committed 66368K, reserved 1114112K
  class space    used 8401K, committed 8576K, reserved 1048576K
}
Event: 7.390 GC heap before
{Heap before GC invocations=20 (full 0):
 garbage-first heap   total 69632K, used 49541K [0x0000000701c00000, 0x0000000800000000)
  region size 2048K, 13 young (26624K), 2 survivors (4096K)
 Metaspace       used 67106K, committed 67520K, reserved 1114112K
  class space    used 8544K, committed 8768K, reserved 1048576K
}
Event: 7.396 GC heap after
{Heap after GC invocations=21 (full 0):
 garbage-first heap   total 69632K, used 30836K [0x0000000701c00000, 0x0000000800000000)
  region size 2048K, 2 young (4096K), 2 survivors (4096K)
 Metaspace       used 67106K, committed 67520K, reserved 1114112K
  class space    used 8544K, committed 8768K, reserved 1048576K
}
Event: 7.934 GC heap before
{Heap before GC invocations=21 (full 0):
 garbage-first heap   total 69632K, used 53364K [0x0000000701c00000, 0x0000000800000000)
  region size 2048K, 13 young (26624K), 2 survivors (4096K)
 Metaspace       used 69501K, committed 69952K, reserved 1114112K
  class space    used 8848K, committed 9088K, reserved 1048576K
}
Event: 7.940 GC heap after
{Heap after GC invocations=22 (full 0):
 garbage-first heap   total 88064K, used 33195K [0x0000000701c00000, 0x0000000800000000)
  region size 2048K, 2 young (4096K), 2 survivors (4096K)
 Metaspace       used 69501K, committed 69952K, reserved 1114112K
  class space    used 8848K, committed 9088K, reserved 1048576K
}
Event: 8.428 GC heap before
{Heap before GC invocations=22 (full 0):
 garbage-first heap   total 88064K, used 65963K [0x0000000701c00000, 0x0000000800000000)
  region size 2048K, 18 young (36864K), 2 survivors (4096K)
 Metaspace       used 71657K, committed 72128K, reserved 1114112K
  class space    used 9173K, committed 9408K, reserved 1048576K
}
Event: 8.432 GC heap after
{Heap after GC invocations=23 (full 0):
 garbage-first heap   total 88064K, used 36282K [0x0000000701c00000, 0x0000000800000000)
  region size 2048K, 3 young (6144K), 3 survivors (6144K)
 Metaspace       used 71657K, committed 72128K, reserved 1114112K
  class space    used 9173K, committed 9408K, reserved 1048576K
}
Event: 8.999 GC heap before
{Heap before GC invocations=23 (full 0):
 garbage-first heap   total 88064K, used 67002K [0x0000000701c00000, 0x0000000800000000)
  region size 2048K, 18 young (36864K), 3 survivors (6144K)
 Metaspace       used 75836K, committed 76224K, reserved 1122304K
  class space    used 9723K, committed 9920K, reserved 1048576K
}
Event: 9.005 GC heap after
{Heap after GC invocations=24 (full 0):
 garbage-first heap   total 88064K, used 37240K [0x0000000701c00000, 0x0000000800000000)
  region size 2048K, 2 young (4096K), 2 survivors (4096K)
 Metaspace       used 75836K, committed 76224K, reserved 1122304K
  class space    used 9723K, committed 9920K, reserved 1048576K
}
Event: 9.286 GC heap before
{Heap before GC invocations=24 (full 0):
 garbage-first heap   total 88064K, used 65912K [0x0000000701c00000, 0x0000000800000000)
  region size 2048K, 16 young (32768K), 2 survivors (4096K)
 Metaspace       used 78096K, committed 78528K, reserved 1122304K
  class space    used 9913K, committed 10112K, reserved 1048576K
}
Event: 9.290 GC heap after
{Heap after GC invocations=25 (full 0):
 garbage-first heap   total 88064K, used 40180K [0x0000000701c00000, 0x0000000800000000)
  region size 2048K, 2 young (4096K), 2 survivors (4096K)
 Metaspace       used 78096K, committed 78528K, reserved 1122304K
  class space    used 9913K, committed 10112K, reserved 1048576K
}
Event: 9.710 GC heap before
{Heap before GC invocations=25 (full 0):
 garbage-first heap   total 88064K, used 66804K [0x0000000701c00000, 0x0000000800000000)
  region size 2048K, 15 young (30720K), 2 survivors (4096K)
 Metaspace       used 79943K, committed 80448K, reserved 1122304K
  class space    used 10167K, committed 10432K, reserved 1048576K
}
Event: 9.714 GC heap after
{Heap after GC invocations=26 (full 0):
 garbage-first heap   total 88064K, used 43128K [0x0000000701c00000, 0x0000000800000000)
  region size 2048K, 2 young (4096K), 2 survivors (4096K)
 Metaspace       used 79943K, committed 80448K, reserved 1122304K
  class space    used 10167K, committed 10432K, reserved 1048576K
}
Event: 9.958 GC heap before
{Heap before GC invocations=26 (full 0):
 garbage-first heap   total 88064K, used 67704K [0x0000000701c00000, 0x0000000800000000)
  region size 2048K, 14 young (28672K), 2 survivors (4096K)
 Metaspace       used 80041K, committed 80576K, reserved 1122304K
  class space    used 10168K, committed 10432K, reserved 1048576K
}
Event: 9.962 GC heap after
{Heap after GC invocations=27 (full 0):
 garbage-first heap   total 88064K, used 45197K [0x0000000701c00000, 0x0000000800000000)
  region size 2048K, 2 young (4096K), 2 survivors (4096K)
 Metaspace       used 80041K, committed 80576K, reserved 1122304K
  class space    used 10168K, committed 10432K, reserved 1048576K
}

